  Main_prac10.cpp
c:\users\administrador\desktop\final\practica8\practica8\main_prac10.cpp(455): warning C4244: 'inicializando': conversión de 'double' a 'GLfloat'; posible pérdida de datos
c:\users\administrador\desktop\final\practica8\practica8\main_prac10.cpp(809): warning C4244: '=': conversión de 'double' a 'GLfloat'; posible pérdida de datos
c:\users\administrador\desktop\final\practica8\practica8\main_prac10.cpp(810): warning C4244: '=': conversión de 'double' a 'GLfloat'; posible pérdida de datos
c:\users\administrador\desktop\final\practica8\practica8\main_prac10.cpp(814): warning C4244: 'inicializando': conversión de 'double' a 'GLfloat'; posible pérdida de datos
c:\users\administrador\desktop\final\practica8\practica8\main_prac10.cpp(815): warning C4244: 'inicializando': conversión de 'double' a 'GLfloat'; posible pérdida de datos
c:\users\administrador\desktop\final\practica8\practica8\main_prac10.cpp(817): warning C4244: '=': conversión de 'double' a 'GLfloat'; posible pérdida de datos
c:\users\administrador\desktop\final\practica8\practica8\main_prac10.cpp(818): warning C4244: '=': conversión de 'double' a 'GLfloat'; posible pérdida de datos
soil2-debug.lib(SOIL2.obj) : warning LNK4075: se omite '/EDITANDCONTINUE' debido a la especificación '/OPT:ICF'
LINK : warning LNK4098: la biblioteca predeterminada'MSVCRTD' entra en conflicto con otras bibliotecas; use la biblioteca /NODEFAULTLIB:biblioteca
  Generando código
  2 of 789 functions ( 0.3%) were compiled, the rest were copied from previous compilation.
    0 functions were new in current compilation
    0 functions had inline decision re-evaluated but remain unchanged
  Generación de código finalizada
soil2-debug.lib(etc1_utils.obj) : warning LNK4099: no se encontró PDB 'soil2-debug.pdb' con 'soil2-debug.lib(etc1_utils.obj)' o en 'C:\Users\Administrador\Desktop\final\practica8\Release\soil2-debug.pdb'; se vinculará el objeto sin tener en cuenta información de depuración
soil2-debug.lib(image_DXT.obj) : warning LNK4099: no se encontró PDB 'soil2-debug.pdb' con 'soil2-debug.lib(image_DXT.obj)' o en 'C:\Users\Administrador\Desktop\final\practica8\Release\soil2-debug.pdb'; se vinculará el objeto sin tener en cuenta información de depuración
soil2-debug.lib(image_helper.obj) : warning LNK4099: no se encontró PDB 'soil2-debug.pdb' con 'soil2-debug.lib(image_helper.obj)' o en 'C:\Users\Administrador\Desktop\final\practica8\Release\soil2-debug.pdb'; se vinculará el objeto sin tener en cuenta información de depuración
soil2-debug.lib(SOIL2.obj) : warning LNK4099: no se encontró PDB 'soil2-debug.pdb' con 'soil2-debug.lib(SOIL2.obj)' o en 'C:\Users\Administrador\Desktop\final\practica8\Release\soil2-debug.pdb'; se vinculará el objeto sin tener en cuenta información de depuración
  practica8.vcxproj -> C:\Users\Administrador\Desktop\final\practica8\Release\practica8.exe
